name: train
run_id: commands[0]
env HOME: /home/ubuntu
env LANG: C.UTF-8
env TERM: xterm-256color
env PATH: /home/ubuntu/modelo-abandono-v2/package-src2/.tox/test_package/bin:/usr/local/sbin:/usr/local/bin:/usr/sbin:/usr/bin:/sbin:/bin:/usr/games:/usr/local/games:/snap/bin
env PIP_DISABLE_PIP_VERSION_CHECK: 1
env PYTHONIOENCODING: utf-8
env PYTHONPATH: .
env PYTHONHASHSEED: 0
env TOX_ENV_NAME: train
env TOX_WORK_DIR: /home/ubuntu/modelo-abandono-v2/package-src2/.tox
env TOX_ENV_DIR: /home/ubuntu/modelo-abandono-v2/package-src2/.tox/test_package
env VIRTUAL_ENV: /home/ubuntu/modelo-abandono-v2/package-src2/.tox/test_package
env COLUMNS: 120
env LINES: 30
metadata pid: 1050
cwd: /home/ubuntu/modelo-abandono-v2/package-src2
allow: /home/ubuntu/modelo-abandono-v2/package-src2/.tox/test_package/bin/*:train
cmd: python model/train_pipeline.py
exit_code: 0
